{"total": {"lines":{"total":449,"covered":225,"skipped":0,"pct":50.11},"statements":{"total":454,"covered":225,"skipped":0,"pct":49.55},"functions":{"total":93,"covered":39,"skipped":0,"pct":41.93},"branches":{"total":235,"covered":78,"skipped":0,"pct":33.19},"branchesTrue":{"total":0,"covered":0,"skipped":0,"pct":"Unknown"}}
,"D:/Source/BedyRiotModule/RiotModule/src/service/CacheService.ts": {"lines":{"total":23,"covered":5,"skipped":0,"pct":21.73},"functions":{"total":9,"covered":0,"skipped":0,"pct":0},"statements":{"total":23,"covered":5,"skipped":0,"pct":21.73},"branches":{"total":11,"covered":0,"skipped":0,"pct":0}}
,"D:/Source/BedyRiotModule/RiotModule/src/service/DragonService.ts": {"lines":{"total":151,"covered":119,"skipped":0,"pct":78.8},"functions":{"total":25,"covered":14,"skipped":0,"pct":56},"statements":{"total":151,"covered":119,"skipped":0,"pct":78.8},"branches":{"total":79,"covered":57,"skipped":0,"pct":72.15}}
,"D:/Source/BedyRiotModule/RiotModule/src/service/FileService.ts": {"lines":{"total":33,"covered":33,"skipped":0,"pct":100},"functions":{"total":10,"covered":10,"skipped":0,"pct":100},"statements":{"total":33,"covered":33,"skipped":0,"pct":100},"branches":{"total":8,"covered":8,"skipped":0,"pct":100}}
,"D:/Source/BedyRiotModule/RiotModule/src/service/RequestService.ts": {"lines":{"total":47,"covered":44,"skipped":0,"pct":93.61},"functions":{"total":14,"covered":14,"skipped":0,"pct":100},"statements":{"total":47,"covered":44,"skipped":0,"pct":93.61},"branches":{"total":15,"covered":9,"skipped":0,"pct":60}}
,"D:/Source/BedyRiotModule/RiotModule/src/service/RiotService.ts": {"lines":{"total":182,"covered":15,"skipped":0,"pct":8.24},"functions":{"total":32,"covered":0,"skipped":0,"pct":0},"statements":{"total":187,"covered":15,"skipped":0,"pct":8.02},"branches":{"total":116,"covered":0,"skipped":0,"pct":0}}
,"D:/Source/BedyRiotModule/RiotModule/src/service/ValidationService.ts": {"lines":{"total":13,"covered":9,"skipped":0,"pct":69.23},"functions":{"total":3,"covered":1,"skipped":0,"pct":33.33},"statements":{"total":13,"covered":9,"skipped":0,"pct":69.23},"branches":{"total":6,"covered":4,"skipped":0,"pct":66.66}}
}
